[dotenv@17.3.1] injecting env (6) from .env -- tip: ⚙️  enable debug logging with { debug: true }
====================================
🚀 TaskMaster Server with CORS Fix
====================================
Port: 30010
Environment: development
CORS enabled for frontend origins
====================================
Database initialized successfully
node:events:486
      throw er; // Unhandled 'error' event
      ^

Error: listen EADDRINUSE: address already in use :::30010
    at Server.setupListenHandle [as _listen2] (node:net:1940:16)
    at listenInCluster (node:net:1997:12)
    at Server.listen (node:net:2102:7)
    at app.listen (/Users/aggimallaabhishek/Documents/TaskMaster-A-Simple-Task-Management-App/backend/node_modules/express/lib/application.js:635:24)
    at startServer (/Users/aggimallaabhishek/Documents/TaskMaster-A-Simple-Task-Management-App/backend/server.js:94:17)
    at process.processTicksAndRejections (node:internal/process/task_queues:105:5)
Emitted 'error' event on Server instance at:
    at emitErrorNT (node:net:1976:8)
    at process.processTicksAndRejections (node:internal/process/task_queues:90:21) {
  code: 'EADDRINUSE',
  errno: -48,
  syscall: 'listen',
  address: '::',
  port: 30010
}

Node.js v24.7.0
